{"C:\\Users\\Adminn\\Desktop\\Microverse\\Module2\\Todo-list-app\\mocks\\fileMock.js": {"path":"C:\\Users\\Adminn\\Desktop\\Microverse\\Module2\\Todo-list-app\\mocks\\fileMock.js","statementMap":{},"fnMap":{},"branchMap":{},"s":{},"f":{},"b":{},"_coverageSchema":"1a1c01bbd47fc00a2c39e90264f33305004495a9","hash":"fd98bfeb289fdec1dbb66506ef7b3266cd90c70e"}
,"C:\\Users\\Adminn\\Desktop\\Microverse\\Module2\\Todo-list-app\\src\\module\\crete-todo.js": {"path":"C:\\Users\\Adminn\\Desktop\\Microverse\\Module2\\Todo-list-app\\src\\module\\crete-todo.js","statementMap":{"0":{"start":{"line":3,"column":4},"end":{"line":3,"column":35}},"1":{"start":{"line":4,"column":4},"end":{"line":4,"column":23}},"2":{"start":{"line":5,"column":4},"end":{"line":5,"column":27}}},"fnMap":{"0":{"name":"(anonymous_0)","decl":{"start":{"line":2,"column":2},"end":{"line":2,"column":3}},"loc":{"start":{"line":2,"column":34},"end":{"line":6,"column":3}},"line":2}},"branchMap":{},"s":{"0":0,"1":0,"2":0},"f":{"0":0},"b":{},"_coverageSchema":"1a1c01bbd47fc00a2c39e90264f33305004495a9","hash":"bb37611f9ce490f0fca59b5f4a84fcc8c1cf4bf2"}
,"C:\\Users\\Adminn\\Desktop\\Microverse\\Module2\\Todo-list-app\\src\\module\\interact.js": {"path":"C:\\Users\\Adminn\\Desktop\\Microverse\\Module2\\Todo-list-app\\src\\module\\interact.js","statementMap":{"0":{"start":{"line":8,"column":4},"end":{"line":8,"column":23}},"1":{"start":{"line":9,"column":4},"end":{"line":9,"column":57}},"2":{"start":{"line":12,"column":13},"end":{"line":27,"column":3}},"3":{"start":{"line":13,"column":4},"end":{"line":13,"column":45}},"4":{"start":{"line":14,"column":17},"end":{"line":14,"column":46}},"5":{"start":{"line":15,"column":4},"end":{"line":15,"column":33}},"6":{"start":{"line":16,"column":13},"end":{"line":16,"column":44}},"7":{"start":{"line":17,"column":4},"end":{"line":17,"column":21}},"8":{"start":{"line":18,"column":4},"end":{"line":18,"column":31}},"9":{"start":{"line":19,"column":4},"end":{"line":19,"column":25}},"10":{"start":{"line":20,"column":4},"end":{"line":20,"column":42}},"11":{"start":{"line":21,"column":4},"end":{"line":21,"column":28}},"12":{"start":{"line":22,"column":4},"end":{"line":22,"column":19}},"13":{"start":{"line":23,"column":4},"end":{"line":23,"column":28}},"14":{"start":{"line":24,"column":4},"end":{"line":24,"column":33}},"15":{"start":{"line":25,"column":4},"end":{"line":25,"column":25}},"16":{"start":{"line":26,"column":4},"end":{"line":26,"column":52}},"17":{"start":{"line":29,"column":12},"end":{"line":36,"column":3}},"18":{"start":{"line":30,"column":18},"end":{"line":30,"column":39}},"19":{"start":{"line":31,"column":20},"end":{"line":31,"column":48}},"20":{"start":{"line":32,"column":4},"end":{"line":32,"column":29}},"21":{"start":{"line":33,"column":4},"end":{"line":33,"column":25}},"22":{"start":{"line":34,"column":4},"end":{"line":34,"column":27}},"23":{"start":{"line":35,"column":4},"end":{"line":35,"column":19}},"24":{"start":{"line":38,"column":13},"end":{"line":42,"column":3}},"25":{"start":{"line":39,"column":19},"end":{"line":39,"column":30}},"26":{"start":{"line":40,"column":19},"end":{"line":40,"column":49}},"27":{"start":{"line":41,"column":4},"end":{"line":41,"column":34}},"28":{"start":{"line":44,"column":15},"end":{"line":48,"column":3}},"29":{"start":{"line":45,"column":19},"end":{"line":45,"column":49}},"30":{"start":{"line":46,"column":22},"end":{"line":46,"column":33}},"31":{"start":{"line":47,"column":4},"end":{"line":47,"column":39}},"32":{"start":{"line":50,"column":15},"end":{"line":58,"column":3}},"33":{"start":{"line":51,"column":21},"end":{"line":51,"column":32}},"34":{"start":{"line":52,"column":18},"end":{"line":52,"column":54}},"35":{"start":{"line":53,"column":21},"end":{"line":53,"column":32}},"36":{"start":{"line":54,"column":14},"end":{"line":54,"column":80}},"37":{"start":{"line":54,"column":40},"end":{"line":54,"column":79}},"38":{"start":{"line":55,"column":4},"end":{"line":55,"column":29}},"39":{"start":{"line":56,"column":4},"end":{"line":56,"column":27}},"40":{"start":{"line":57,"column":4},"end":{"line":57,"column":19}},"41":{"start":{"line":60,"column":15},"end":{"line":66,"column":3}},"42":{"start":{"line":61,"column":20},"end":{"line":61,"column":28}},"43":{"start":{"line":62,"column":19},"end":{"line":62,"column":26}},"44":{"start":{"line":63,"column":4},"end":{"line":63,"column":19}},"45":{"start":{"line":64,"column":4},"end":{"line":64,"column":19}},"46":{"start":{"line":65,"column":4},"end":{"line":65,"column":29}},"47":{"start":{"line":68,"column":16},"end":{"line":78,"column":3}},"48":{"start":{"line":69,"column":25},"end":{"line":69,"column":33}},"49":{"start":{"line":70,"column":4},"end":{"line":76,"column":7}},"50":{"start":{"line":71,"column":6},"end":{"line":74,"column":7}},"51":{"start":{"line":72,"column":8},"end":{"line":72,"column":46}},"52":{"start":{"line":73,"column":8},"end":{"line":73,"column":80}},"53":{"start":{"line":75,"column":6},"end":{"line":75,"column":18}},"54":{"start":{"line":77,"column":4},"end":{"line":77,"column":27}},"55":{"start":{"line":80,"column":22},"end":{"line":85,"column":3}},"56":{"start":{"line":81,"column":4},"end":{"line":81,"column":62}},"57":{"start":{"line":81,"column":45},"end":{"line":81,"column":60}},"58":{"start":{"line":82,"column":4},"end":{"line":82,"column":25}},"59":{"start":{"line":83,"column":4},"end":{"line":83,"column":27}},"60":{"start":{"line":84,"column":4},"end":{"line":84,"column":19}},"61":{"start":{"line":87,"column":15},"end":{"line":102,"column":3}},"62":{"start":{"line":88,"column":4},"end":{"line":88,"column":45}},"63":{"start":{"line":89,"column":17},"end":{"line":89,"column":46}},"64":{"start":{"line":90,"column":4},"end":{"line":90,"column":34}},"65":{"start":{"line":91,"column":13},"end":{"line":91,"column":45}},"66":{"start":{"line":92,"column":4},"end":{"line":92,"column":55}},"67":{"start":{"line":93,"column":4},"end":{"line":93,"column":22}},"68":{"start":{"line":94,"column":4},"end":{"line":94,"column":33}},"69":{"start":{"line":95,"column":4},"end":{"line":95,"column":25}},"70":{"start":{"line":96,"column":4},"end":{"line":96,"column":42}},"71":{"start":{"line":97,"column":4},"end":{"line":97,"column":54}},"72":{"start":{"line":98,"column":4},"end":{"line":98,"column":22}},"73":{"start":{"line":99,"column":4},"end":{"line":99,"column":31}},"74":{"start":{"line":100,"column":4},"end":{"line":100,"column":25}},"75":{"start":{"line":101,"column":4},"end":{"line":101,"column":29}},"76":{"start":{"line":104,"column":12},"end":{"line":136,"column":3}},"77":{"start":{"line":105,"column":4},"end":{"line":105,"column":33}},"78":{"start":{"line":106,"column":4},"end":{"line":135,"column":7}},"79":{"start":{"line":107,"column":19},"end":{"line":107,"column":47}},"80":{"start":{"line":108,"column":6},"end":{"line":108,"column":30}},"81":{"start":{"line":109,"column":17},"end":{"line":109,"column":48}},"82":{"start":{"line":110,"column":6},"end":{"line":110,"column":29}},"83":{"start":{"line":111,"column":6},"end":{"line":111,"column":40}},"84":{"start":{"line":112,"column":6},"end":{"line":112,"column":39}},"85":{"start":{"line":113,"column":6},"end":{"line":113,"column":31}},"86":{"start":{"line":114,"column":6},"end":{"line":116,"column":7}},"87":{"start":{"line":115,"column":8},"end":{"line":115,"column":28}},"88":{"start":{"line":117,"column":6},"end":{"line":117,"column":29}},"89":{"start":{"line":118,"column":6},"end":{"line":118,"column":44}},"90":{"start":{"line":119,"column":6},"end":{"line":119,"column":36}},"91":{"start":{"line":120,"column":6},"end":{"line":120,"column":45}},"92":{"start":{"line":121,"column":6},"end":{"line":123,"column":7}},"93":{"start":{"line":122,"column":8},"end":{"line":122,"column":51}},"94":{"start":{"line":124,"column":6},"end":{"line":124,"column":29}},"95":{"start":{"line":125,"column":6},"end":{"line":125,"column":46}},"96":{"start":{"line":126,"column":6},"end":{"line":126,"column":34}},"97":{"start":{"line":127,"column":17},"end":{"line":127,"column":46}},"98":{"start":{"line":128,"column":6},"end":{"line":128,"column":30}},"99":{"start":{"line":129,"column":6},"end":{"line":129,"column":29}},"100":{"start":{"line":130,"column":6},"end":{"line":130,"column":36}},"101":{"start":{"line":131,"column":6},"end":{"line":131,"column":35}},"102":{"start":{"line":132,"column":6},"end":{"line":132,"column":27}},"103":{"start":{"line":133,"column":6},"end":{"line":133,"column":29}},"104":{"start":{"line":134,"column":6},"end":{"line":134,"column":38}}},"fnMap":{"0":{"name":"(anonymous_0)","decl":{"start":{"line":7,"column":2},"end":{"line":7,"column":3}},"loc":{"start":{"line":7,"column":21},"end":{"line":10,"column":3}},"line":7},"1":{"name":"(anonymous_1)","decl":{"start":{"line":12,"column":13},"end":{"line":12,"column":14}},"loc":{"start":{"line":12,"column":33},"end":{"line":27,"column":3}},"line":12},"2":{"name":"(anonymous_2)","decl":{"start":{"line":29,"column":12},"end":{"line":29,"column":13}},"loc":{"start":{"line":29,"column":23},"end":{"line":36,"column":3}},"line":29},"3":{"name":"(anonymous_3)","decl":{"start":{"line":38,"column":13},"end":{"line":38,"column":14}},"loc":{"start":{"line":38,"column":20},"end":{"line":42,"column":3}},"line":38},"4":{"name":"(anonymous_4)","decl":{"start":{"line":44,"column":15},"end":{"line":44,"column":16}},"loc":{"start":{"line":44,"column":22},"end":{"line":48,"column":3}},"line":44},"5":{"name":"(anonymous_5)","decl":{"start":{"line":50,"column":15},"end":{"line":50,"column":16}},"loc":{"start":{"line":50,"column":22},"end":{"line":58,"column":3}},"line":50},"6":{"name":"(anonymous_6)","decl":{"start":{"line":54,"column":30},"end":{"line":54,"column":31}},"loc":{"start":{"line":54,"column":40},"end":{"line":54,"column":79}},"line":54},"7":{"name":"(anonymous_7)","decl":{"start":{"line":60,"column":15},"end":{"line":60,"column":16}},"loc":{"start":{"line":60,"column":22},"end":{"line":66,"column":3}},"line":60},"8":{"name":"(anonymous_8)","decl":{"start":{"line":68,"column":16},"end":{"line":68,"column":17}},"loc":{"start":{"line":68,"column":23},"end":{"line":78,"column":3}},"line":68},"9":{"name":"(anonymous_9)","decl":{"start":{"line":70,"column":32},"end":{"line":70,"column":33}},"loc":{"start":{"line":70,"column":42},"end":{"line":76,"column":5}},"line":70},"10":{"name":"(anonymous_10)","decl":{"start":{"line":80,"column":22},"end":{"line":80,"column":23}},"loc":{"start":{"line":80,"column":28},"end":{"line":85,"column":3}},"line":80},"11":{"name":"(anonymous_11)","decl":{"start":{"line":81,"column":35},"end":{"line":81,"column":36}},"loc":{"start":{"line":81,"column":45},"end":{"line":81,"column":60}},"line":81},"12":{"name":"(anonymous_12)","decl":{"start":{"line":87,"column":15},"end":{"line":87,"column":16}},"loc":{"start":{"line":87,"column":38},"end":{"line":102,"column":3}},"line":87},"13":{"name":"(anonymous_13)","decl":{"start":{"line":104,"column":12},"end":{"line":104,"column":13}},"loc":{"start":{"line":104,"column":18},"end":{"line":136,"column":3}},"line":104},"14":{"name":"(anonymous_14)","decl":{"start":{"line":106,"column":23},"end":{"line":106,"column":24}},"loc":{"start":{"line":106,"column":33},"end":{"line":135,"column":5}},"line":106}},"branchMap":{"0":{"loc":{"start":{"line":71,"column":6},"end":{"line":74,"column":7}},"type":"if","locations":[{"start":{"line":71,"column":6},"end":{"line":74,"column":7}},{"start":{},"end":{}}],"line":71},"1":{"loc":{"start":{"line":114,"column":6},"end":{"line":116,"column":7}},"type":"if","locations":[{"start":{"line":114,"column":6},"end":{"line":116,"column":7}},{"start":{},"end":{}}],"line":114},"2":{"loc":{"start":{"line":121,"column":6},"end":{"line":123,"column":7}},"type":"if","locations":[{"start":{"line":121,"column":6},"end":{"line":123,"column":7}},{"start":{},"end":{}}],"line":121}},"s":{"0":1,"1":1,"2":1,"3":0,"4":0,"5":0,"6":0,"7":0,"8":0,"9":0,"10":0,"11":0,"12":0,"13":0,"14":0,"15":0,"16":0,"17":1,"18":1,"19":0,"20":0,"21":0,"22":0,"23":0,"24":1,"25":0,"26":0,"27":0,"28":1,"29":0,"30":0,"31":0,"32":1,"33":0,"34":0,"35":0,"36":0,"37":0,"38":0,"39":0,"40":0,"41":1,"42":0,"43":0,"44":0,"45":0,"46":0,"47":1,"48":0,"49":0,"50":0,"51":0,"52":0,"53":0,"54":0,"55":1,"56":0,"57":0,"58":0,"59":0,"60":0,"61":1,"62":0,"63":0,"64":0,"65":0,"66":0,"67":0,"68":0,"69":0,"70":0,"71":0,"72":0,"73":0,"74":0,"75":0,"76":1,"77":0,"78":0,"79":0,"80":0,"81":0,"82":0,"83":0,"84":0,"85":0,"86":0,"87":0,"88":0,"89":0,"90":0,"91":0,"92":0,"93":0,"94":0,"95":0,"96":0,"97":0,"98":0,"99":0,"100":0,"101":0,"102":0,"103":0,"104":0},"f":{"0":1,"1":0,"2":1,"3":0,"4":0,"5":0,"6":0,"7":0,"8":0,"9":0,"10":0,"11":0,"12":0,"13":0,"14":0},"b":{"0":[0,0],"1":[0,0],"2":[0,0]},"_coverageSchema":"1a1c01bbd47fc00a2c39e90264f33305004495a9","hash":"854ee4074175ab001e26d92df06f64fd1b5b4d20"}
,"C:\\Users\\Adminn\\Desktop\\Microverse\\Module2\\Todo-list-app\\src\\module\\remove.js": {"path":"C:\\Users\\Adminn\\Desktop\\Microverse\\Module2\\Todo-list-app\\src\\module\\remove.js","statementMap":{"0":{"start":{"line":4,"column":14},"end":{"line":4,"column":24}},"1":{"start":{"line":5,"column":2},"end":{"line":5,"column":16}},"2":{"start":{"line":6,"column":2},"end":{"line":6,"column":78}},"3":{"start":{"line":6,"column":33},"end":{"line":6,"column":77}},"4":{"start":{"line":7,"column":2},"end":{"line":7,"column":18}},"5":{"start":{"line":8,"column":2},"end":{"line":8,"column":20}}},"fnMap":{"0":{"name":"removeTask","decl":{"start":{"line":3,"column":24},"end":{"line":3,"column":34}},"loc":{"start":{"line":3,"column":47},"end":{"line":9,"column":1}},"line":3},"1":{"name":"(anonymous_1)","decl":{"start":{"line":6,"column":23},"end":{"line":6,"column":24}},"loc":{"start":{"line":6,"column":33},"end":{"line":6,"column":77}},"line":6}},"branchMap":{},"s":{"0":0,"1":0,"2":0,"3":0,"4":0,"5":0},"f":{"0":0,"1":0},"b":{},"_coverageSchema":"1a1c01bbd47fc00a2c39e90264f33305004495a9","hash":"7f018e1bc99815e4ce689f07b3d429d253def05f"}
,"C:\\Users\\Adminn\\Desktop\\Microverse\\Module2\\Todo-list-app\\src\\module\\storage.js": {"path":"C:\\Users\\Adminn\\Desktop\\Microverse\\Module2\\Todo-list-app\\src\\module\\storage.js","statementMap":{"0":{"start":{"line":1,"column":19},"end":{"line":3,"column":1}},"1":{"start":{"line":2,"column":2},"end":{"line":2,"column":55}},"2":{"start":{"line":5,"column":17},"end":{"line":13,"column":1}},"3":{"start":{"line":7,"column":2},"end":{"line":11,"column":3}},"4":{"start":{"line":8,"column":4},"end":{"line":8,"column":54}},"5":{"start":{"line":10,"column":4},"end":{"line":10,"column":15}},"6":{"start":{"line":12,"column":2},"end":{"line":12,"column":15}},"7":{"start":{"line":15,"column":17},"end":{"line":17,"column":1}},"8":{"start":{"line":16,"column":2},"end":{"line":16,"column":42}},"9":{"start":{"line":16,"column":23},"end":{"line":16,"column":40}},"10":{"start":{"line":19,"column":17},"end":{"line":24,"column":1}},"11":{"start":{"line":20,"column":2},"end":{"line":20,"column":18}},"12":{"start":{"line":21,"column":2},"end":{"line":23,"column":3}},"13":{"start":{"line":21,"column":15},"end":{"line":21,"column":16}},"14":{"start":{"line":22,"column":4},"end":{"line":22,"column":27}}},"fnMap":{"0":{"name":"(anonymous_0)","decl":{"start":{"line":1,"column":19},"end":{"line":1,"column":20}},"loc":{"start":{"line":1,"column":30},"end":{"line":3,"column":1}},"line":1},"1":{"name":"(anonymous_1)","decl":{"start":{"line":5,"column":17},"end":{"line":5,"column":18}},"loc":{"start":{"line":5,"column":23},"end":{"line":13,"column":1}},"line":5},"2":{"name":"(anonymous_2)","decl":{"start":{"line":15,"column":17},"end":{"line":15,"column":18}},"loc":{"start":{"line":15,"column":28},"end":{"line":17,"column":1}},"line":15},"3":{"name":"(anonymous_3)","decl":{"start":{"line":16,"column":13},"end":{"line":16,"column":14}},"loc":{"start":{"line":16,"column":23},"end":{"line":16,"column":40}},"line":16},"4":{"name":"(anonymous_4)","decl":{"start":{"line":19,"column":17},"end":{"line":19,"column":18}},"loc":{"start":{"line":19,"column":28},"end":{"line":24,"column":1}},"line":19}},"branchMap":{"0":{"loc":{"start":{"line":7,"column":2},"end":{"line":11,"column":3}},"type":"if","locations":[{"start":{"line":7,"column":2},"end":{"line":11,"column":3}},{"start":{"line":9,"column":9},"end":{"line":11,"column":3}}],"line":7}},"s":{"0":1,"1":0,"2":1,"3":0,"4":0,"5":0,"6":0,"7":1,"8":0,"9":0,"10":1,"11":0,"12":0,"13":0,"14":0},"f":{"0":0,"1":0,"2":0,"3":0,"4":0},"b":{"0":[0,0]},"_coverageSchema":"1a1c01bbd47fc00a2c39e90264f33305004495a9","hash":"2eb00be4803c470df5ea5673f4f13ac9e7a25639"}
}
