{"C:\\Users\\Adminn\\Desktop\\Microverse\\Module2\\Todo-list-app\\mocks\\fileMock.js": {"path":"C:\\Users\\Adminn\\Desktop\\Microverse\\Module2\\Todo-list-app\\mocks\\fileMock.js","statementMap":{},"fnMap":{},"branchMap":{},"s":{},"f":{},"b":{},"_coverageSchema":"1a1c01bbd47fc00a2c39e90264f33305004495a9","hash":"fd98bfeb289fdec1dbb66506ef7b3266cd90c70e"}
,"C:\\Users\\Adminn\\Desktop\\Microverse\\Module2\\Todo-list-app\\src\\module\\crete-todo.js": {"path":"C:\\Users\\Adminn\\Desktop\\Microverse\\Module2\\Todo-list-app\\src\\module\\crete-todo.js","statementMap":{"0":{"start":{"line":3,"column":4},"end":{"line":3,"column":35}},"1":{"start":{"line":4,"column":4},"end":{"line":4,"column":23}},"2":{"start":{"line":5,"column":4},"end":{"line":5,"column":27}}},"fnMap":{"0":{"name":"(anonymous_0)","decl":{"start":{"line":2,"column":2},"end":{"line":2,"column":3}},"loc":{"start":{"line":2,"column":34},"end":{"line":6,"column":3}},"line":2}},"branchMap":{},"s":{"0":8,"1":8,"2":8},"f":{"0":8},"b":{},"_coverageSchema":"1a1c01bbd47fc00a2c39e90264f33305004495a9","hash":"bb37611f9ce490f0fca59b5f4a84fcc8c1cf4bf2"}
,"C:\\Users\\Adminn\\Desktop\\Microverse\\Module2\\Todo-list-app\\src\\module\\interact.js": {"path":"C:\\Users\\Adminn\\Desktop\\Microverse\\Module2\\Todo-list-app\\src\\module\\interact.js","statementMap":{"0":{"start":{"line":8,"column":4},"end":{"line":8,"column":23}},"1":{"start":{"line":9,"column":4},"end":{"line":9,"column":57}},"2":{"start":{"line":12,"column":13},"end":{"line":27,"column":3}},"3":{"start":{"line":13,"column":4},"end":{"line":13,"column":45}},"4":{"start":{"line":14,"column":17},"end":{"line":14,"column":46}},"5":{"start":{"line":15,"column":4},"end":{"line":15,"column":33}},"6":{"start":{"line":16,"column":13},"end":{"line":16,"column":44}},"7":{"start":{"line":17,"column":4},"end":{"line":17,"column":21}},"8":{"start":{"line":18,"column":4},"end":{"line":18,"column":31}},"9":{"start":{"line":19,"column":4},"end":{"line":19,"column":25}},"10":{"start":{"line":20,"column":4},"end":{"line":20,"column":42}},"11":{"start":{"line":21,"column":4},"end":{"line":21,"column":28}},"12":{"start":{"line":22,"column":4},"end":{"line":22,"column":19}},"13":{"start":{"line":23,"column":4},"end":{"line":23,"column":28}},"14":{"start":{"line":24,"column":4},"end":{"line":24,"column":33}},"15":{"start":{"line":25,"column":4},"end":{"line":25,"column":25}},"16":{"start":{"line":26,"column":4},"end":{"line":26,"column":52}},"17":{"start":{"line":29,"column":12},"end":{"line":36,"column":3}},"18":{"start":{"line":30,"column":18},"end":{"line":30,"column":39}},"19":{"start":{"line":31,"column":20},"end":{"line":31,"column":48}},"20":{"start":{"line":32,"column":4},"end":{"line":32,"column":29}},"21":{"start":{"line":33,"column":4},"end":{"line":33,"column":25}},"22":{"start":{"line":34,"column":4},"end":{"line":34,"column":27}},"23":{"start":{"line":35,"column":4},"end":{"line":35,"column":19}},"24":{"start":{"line":38,"column":13},"end":{"line":42,"column":3}},"25":{"start":{"line":39,"column":19},"end":{"line":39,"column":30}},"26":{"start":{"line":40,"column":19},"end":{"line":40,"column":49}},"27":{"start":{"line":41,"column":4},"end":{"line":41,"column":34}},"28":{"start":{"line":44,"column":15},"end":{"line":48,"column":3}},"29":{"start":{"line":45,"column":19},"end":{"line":45,"column":49}},"30":{"start":{"line":46,"column":22},"end":{"line":46,"column":33}},"31":{"start":{"line":47,"column":4},"end":{"line":47,"column":39}},"32":{"start":{"line":50,"column":15},"end":{"line":56,"column":3}},"33":{"start":{"line":51,"column":17},"end":{"line":51,"column":83}},"34":{"start":{"line":51,"column":43},"end":{"line":51,"column":82}},"35":{"start":{"line":52,"column":4},"end":{"line":52,"column":32}},"36":{"start":{"line":53,"column":4},"end":{"line":53,"column":27}},"37":{"start":{"line":54,"column":4},"end":{"line":54,"column":19}},"38":{"start":{"line":55,"column":4},"end":{"line":55,"column":22}},"39":{"start":{"line":58,"column":15},"end":{"line":63,"column":3}},"40":{"start":{"line":59,"column":21},"end":{"line":59,"column":32}},"41":{"start":{"line":60,"column":18},"end":{"line":60,"column":54}},"42":{"start":{"line":61,"column":21},"end":{"line":61,"column":32}},"43":{"start":{"line":62,"column":4},"end":{"line":62,"column":40}},"44":{"start":{"line":65,"column":15},"end":{"line":70,"column":3}},"45":{"start":{"line":66,"column":20},"end":{"line":66,"column":28}},"46":{"start":{"line":67,"column":19},"end":{"line":67,"column":26}},"47":{"start":{"line":68,"column":4},"end":{"line":68,"column":32}},"48":{"start":{"line":69,"column":4},"end":{"line":69,"column":19}},"49":{"start":{"line":72,"column":14},"end":{"line":81,"column":3}},"50":{"start":{"line":73,"column":4},"end":{"line":79,"column":7}},"51":{"start":{"line":74,"column":6},"end":{"line":77,"column":7}},"52":{"start":{"line":75,"column":8},"end":{"line":75,"column":46}},"53":{"start":{"line":76,"column":8},"end":{"line":76,"column":84}},"54":{"start":{"line":78,"column":6},"end":{"line":78,"column":18}},"55":{"start":{"line":80,"column":4},"end":{"line":80,"column":27}},"56":{"start":{"line":83,"column":16},"end":{"line":87,"column":3}},"57":{"start":{"line":84,"column":25},"end":{"line":84,"column":33}},"58":{"start":{"line":85,"column":22},"end":{"line":85,"column":45}},"59":{"start":{"line":86,"column":4},"end":{"line":86,"column":44}},"60":{"start":{"line":89,"column":22},"end":{"line":94,"column":3}},"61":{"start":{"line":90,"column":4},"end":{"line":90,"column":62}},"62":{"start":{"line":90,"column":45},"end":{"line":90,"column":60}},"63":{"start":{"line":91,"column":4},"end":{"line":91,"column":25}},"64":{"start":{"line":92,"column":4},"end":{"line":92,"column":27}},"65":{"start":{"line":93,"column":4},"end":{"line":93,"column":19}},"66":{"start":{"line":96,"column":15},"end":{"line":111,"column":3}},"67":{"start":{"line":97,"column":4},"end":{"line":97,"column":45}},"68":{"start":{"line":98,"column":17},"end":{"line":98,"column":46}},"69":{"start":{"line":99,"column":4},"end":{"line":99,"column":34}},"70":{"start":{"line":100,"column":13},"end":{"line":100,"column":45}},"71":{"start":{"line":101,"column":4},"end":{"line":101,"column":55}},"72":{"start":{"line":102,"column":4},"end":{"line":102,"column":22}},"73":{"start":{"line":103,"column":4},"end":{"line":103,"column":33}},"74":{"start":{"line":104,"column":4},"end":{"line":104,"column":25}},"75":{"start":{"line":105,"column":4},"end":{"line":105,"column":42}},"76":{"start":{"line":106,"column":4},"end":{"line":106,"column":54}},"77":{"start":{"line":107,"column":4},"end":{"line":107,"column":22}},"78":{"start":{"line":108,"column":4},"end":{"line":108,"column":31}},"79":{"start":{"line":109,"column":4},"end":{"line":109,"column":25}},"80":{"start":{"line":110,"column":4},"end":{"line":110,"column":29}},"81":{"start":{"line":113,"column":12},"end":{"line":146,"column":3}},"82":{"start":{"line":114,"column":21},"end":{"line":114,"column":57}},"83":{"start":{"line":115,"column":4},"end":{"line":115,"column":28}},"84":{"start":{"line":116,"column":4},"end":{"line":145,"column":7}},"85":{"start":{"line":117,"column":19},"end":{"line":117,"column":47}},"86":{"start":{"line":118,"column":6},"end":{"line":118,"column":30}},"87":{"start":{"line":119,"column":17},"end":{"line":119,"column":48}},"88":{"start":{"line":120,"column":6},"end":{"line":120,"column":29}},"89":{"start":{"line":121,"column":6},"end":{"line":121,"column":40}},"90":{"start":{"line":122,"column":6},"end":{"line":122,"column":39}},"91":{"start":{"line":123,"column":6},"end":{"line":123,"column":31}},"92":{"start":{"line":124,"column":6},"end":{"line":126,"column":7}},"93":{"start":{"line":125,"column":8},"end":{"line":125,"column":28}},"94":{"start":{"line":127,"column":6},"end":{"line":127,"column":29}},"95":{"start":{"line":128,"column":6},"end":{"line":128,"column":44}},"96":{"start":{"line":129,"column":6},"end":{"line":129,"column":36}},"97":{"start":{"line":130,"column":6},"end":{"line":130,"column":45}},"98":{"start":{"line":131,"column":6},"end":{"line":133,"column":7}},"99":{"start":{"line":132,"column":8},"end":{"line":132,"column":51}},"100":{"start":{"line":134,"column":6},"end":{"line":134,"column":29}},"101":{"start":{"line":135,"column":6},"end":{"line":135,"column":46}},"102":{"start":{"line":136,"column":6},"end":{"line":136,"column":34}},"103":{"start":{"line":137,"column":17},"end":{"line":137,"column":46}},"104":{"start":{"line":138,"column":6},"end":{"line":138,"column":30}},"105":{"start":{"line":139,"column":6},"end":{"line":139,"column":29}},"106":{"start":{"line":140,"column":6},"end":{"line":140,"column":36}},"107":{"start":{"line":141,"column":6},"end":{"line":141,"column":35}},"108":{"start":{"line":142,"column":6},"end":{"line":142,"column":27}},"109":{"start":{"line":143,"column":6},"end":{"line":143,"column":29}},"110":{"start":{"line":144,"column":6},"end":{"line":144,"column":33}}},"fnMap":{"0":{"name":"(anonymous_0)","decl":{"start":{"line":7,"column":2},"end":{"line":7,"column":3}},"loc":{"start":{"line":7,"column":26},"end":{"line":10,"column":3}},"line":7},"1":{"name":"(anonymous_1)","decl":{"start":{"line":12,"column":13},"end":{"line":12,"column":14}},"loc":{"start":{"line":12,"column":33},"end":{"line":27,"column":3}},"line":12},"2":{"name":"(anonymous_2)","decl":{"start":{"line":29,"column":12},"end":{"line":29,"column":13}},"loc":{"start":{"line":29,"column":23},"end":{"line":36,"column":3}},"line":29},"3":{"name":"(anonymous_3)","decl":{"start":{"line":38,"column":13},"end":{"line":38,"column":14}},"loc":{"start":{"line":38,"column":20},"end":{"line":42,"column":3}},"line":38},"4":{"name":"(anonymous_4)","decl":{"start":{"line":44,"column":15},"end":{"line":44,"column":16}},"loc":{"start":{"line":44,"column":22},"end":{"line":48,"column":3}},"line":44},"5":{"name":"(anonymous_5)","decl":{"start":{"line":50,"column":15},"end":{"line":50,"column":16}},"loc":{"start":{"line":50,"column":39},"end":{"line":56,"column":3}},"line":50},"6":{"name":"(anonymous_6)","decl":{"start":{"line":51,"column":33},"end":{"line":51,"column":34}},"loc":{"start":{"line":51,"column":43},"end":{"line":51,"column":82}},"line":51},"7":{"name":"(anonymous_7)","decl":{"start":{"line":58,"column":15},"end":{"line":58,"column":16}},"loc":{"start":{"line":58,"column":22},"end":{"line":63,"column":3}},"line":58},"8":{"name":"(anonymous_8)","decl":{"start":{"line":65,"column":15},"end":{"line":65,"column":16}},"loc":{"start":{"line":65,"column":22},"end":{"line":70,"column":3}},"line":65},"9":{"name":"(anonymous_9)","decl":{"start":{"line":72,"column":14},"end":{"line":72,"column":15}},"loc":{"start":{"line":72,"column":43},"end":{"line":81,"column":3}},"line":72},"10":{"name":"(anonymous_10)","decl":{"start":{"line":73,"column":32},"end":{"line":73,"column":33}},"loc":{"start":{"line":73,"column":42},"end":{"line":79,"column":5}},"line":73},"11":{"name":"(anonymous_11)","decl":{"start":{"line":83,"column":16},"end":{"line":83,"column":17}},"loc":{"start":{"line":83,"column":23},"end":{"line":87,"column":3}},"line":83},"12":{"name":"(anonymous_12)","decl":{"start":{"line":89,"column":22},"end":{"line":89,"column":23}},"loc":{"start":{"line":89,"column":28},"end":{"line":94,"column":3}},"line":89},"13":{"name":"(anonymous_13)","decl":{"start":{"line":90,"column":35},"end":{"line":90,"column":36}},"loc":{"start":{"line":90,"column":45},"end":{"line":90,"column":60}},"line":90},"14":{"name":"(anonymous_14)","decl":{"start":{"line":96,"column":15},"end":{"line":96,"column":16}},"loc":{"start":{"line":96,"column":38},"end":{"line":111,"column":3}},"line":96},"15":{"name":"(anonymous_15)","decl":{"start":{"line":113,"column":12},"end":{"line":113,"column":13}},"loc":{"start":{"line":113,"column":18},"end":{"line":146,"column":3}},"line":113},"16":{"name":"(anonymous_16)","decl":{"start":{"line":116,"column":23},"end":{"line":116,"column":24}},"loc":{"start":{"line":116,"column":33},"end":{"line":145,"column":5}},"line":116}},"branchMap":{"0":{"loc":{"start":{"line":7,"column":14},"end":{"line":7,"column":24}},"type":"default-arg","locations":[{"start":{"line":7,"column":22},"end":{"line":7,"column":24}}],"line":7},"1":{"loc":{"start":{"line":74,"column":6},"end":{"line":77,"column":7}},"type":"if","locations":[{"start":{"line":74,"column":6},"end":{"line":77,"column":7}},{"start":{},"end":{}}],"line":74},"2":{"loc":{"start":{"line":124,"column":6},"end":{"line":126,"column":7}},"type":"if","locations":[{"start":{"line":124,"column":6},"end":{"line":126,"column":7}},{"start":{},"end":{}}],"line":124},"3":{"loc":{"start":{"line":131,"column":6},"end":{"line":133,"column":7}},"type":"if","locations":[{"start":{"line":131,"column":6},"end":{"line":133,"column":7}},{"start":{},"end":{}}],"line":131}},"s":{"0":4,"1":4,"2":4,"3":0,"4":0,"5":0,"6":0,"7":0,"8":0,"9":0,"10":0,"11":0,"12":0,"13":0,"14":0,"15":0,"16":0,"17":4,"18":8,"19":8,"20":8,"21":8,"22":8,"23":8,"24":4,"25":0,"26":0,"27":0,"28":4,"29":0,"30":0,"31":0,"32":4,"33":2,"34":2,"35":2,"36":2,"37":2,"38":2,"39":4,"40":0,"41":0,"42":0,"43":0,"44":4,"45":0,"46":0,"47":0,"48":0,"49":4,"50":1,"51":2,"52":1,"53":1,"54":2,"55":1,"56":4,"57":0,"58":0,"59":0,"60":4,"61":0,"62":0,"63":0,"64":0,"65":0,"66":4,"67":0,"68":0,"69":0,"70":0,"71":0,"72":0,"73":0,"74":0,"75":0,"76":0,"77":0,"78":0,"79":0,"80":0,"81":4,"82":14,"83":14,"84":14,"85":21,"86":21,"87":21,"88":21,"89":21,"90":21,"91":21,"92":21,"93":0,"94":21,"95":21,"96":21,"97":21,"98":21,"99":0,"100":21,"101":21,"102":21,"103":21,"104":21,"105":21,"106":21,"107":21,"108":21,"109":21,"110":21},"f":{"0":4,"1":0,"2":8,"3":0,"4":0,"5":2,"6":2,"7":0,"8":0,"9":1,"10":2,"11":0,"12":0,"13":0,"14":0,"15":14,"16":21},"b":{"0":[0],"1":[1,1],"2":[0,21],"3":[0,21]},"_coverageSchema":"1a1c01bbd47fc00a2c39e90264f33305004495a9","hash":"3fe1b0992b91d1f122ece704b959eda56870042a"}
,"C:\\Users\\Adminn\\Desktop\\Microverse\\Module2\\Todo-list-app\\src\\module\\remove.js": {"path":"C:\\Users\\Adminn\\Desktop\\Microverse\\Module2\\Todo-list-app\\src\\module\\remove.js","statementMap":{"0":{"start":{"line":4,"column":14},"end":{"line":4,"column":24}},"1":{"start":{"line":5,"column":2},"end":{"line":5,"column":79}},"2":{"start":{"line":5,"column":33},"end":{"line":5,"column":77}},"3":{"start":{"line":6,"column":2},"end":{"line":6,"column":26}},"4":{"start":{"line":7,"column":2},"end":{"line":7,"column":20}},"5":{"start":{"line":8,"column":2},"end":{"line":8,"column":15}}},"fnMap":{"0":{"name":"removeTask","decl":{"start":{"line":3,"column":24},"end":{"line":3,"column":34}},"loc":{"start":{"line":3,"column":47},"end":{"line":9,"column":1}},"line":3},"1":{"name":"(anonymous_1)","decl":{"start":{"line":5,"column":23},"end":{"line":5,"column":24}},"loc":{"start":{"line":5,"column":33},"end":{"line":5,"column":77}},"line":5}},"branchMap":{},"s":{"0":2,"1":2,"2":3,"3":2,"4":2,"5":2},"f":{"0":2,"1":3},"b":{},"_coverageSchema":"1a1c01bbd47fc00a2c39e90264f33305004495a9","hash":"e399dcd58f6f194cd06d5ac6d7ac01985e572da6"}
,"C:\\Users\\Adminn\\Desktop\\Microverse\\Module2\\Todo-list-app\\src\\module\\storage.js": {"path":"C:\\Users\\Adminn\\Desktop\\Microverse\\Module2\\Todo-list-app\\src\\module\\storage.js","statementMap":{"0":{"start":{"line":1,"column":19},"end":{"line":3,"column":1}},"1":{"start":{"line":2,"column":2},"end":{"line":2,"column":55}},"2":{"start":{"line":5,"column":17},"end":{"line":13,"column":1}},"3":{"start":{"line":7,"column":2},"end":{"line":11,"column":3}},"4":{"start":{"line":8,"column":4},"end":{"line":8,"column":54}},"5":{"start":{"line":10,"column":4},"end":{"line":10,"column":15}},"6":{"start":{"line":12,"column":2},"end":{"line":12,"column":15}},"7":{"start":{"line":15,"column":17},"end":{"line":17,"column":1}},"8":{"start":{"line":16,"column":2},"end":{"line":16,"column":42}},"9":{"start":{"line":16,"column":23},"end":{"line":16,"column":40}},"10":{"start":{"line":19,"column":17},"end":{"line":25,"column":1}},"11":{"start":{"line":20,"column":2},"end":{"line":20,"column":18}},"12":{"start":{"line":21,"column":2},"end":{"line":23,"column":3}},"13":{"start":{"line":21,"column":15},"end":{"line":21,"column":16}},"14":{"start":{"line":22,"column":4},"end":{"line":22,"column":27}},"15":{"start":{"line":24,"column":2},"end":{"line":24,"column":15}}},"fnMap":{"0":{"name":"(anonymous_0)","decl":{"start":{"line":1,"column":19},"end":{"line":1,"column":20}},"loc":{"start":{"line":1,"column":30},"end":{"line":3,"column":1}},"line":1},"1":{"name":"(anonymous_1)","decl":{"start":{"line":5,"column":17},"end":{"line":5,"column":18}},"loc":{"start":{"line":5,"column":23},"end":{"line":13,"column":1}},"line":5},"2":{"name":"(anonymous_2)","decl":{"start":{"line":15,"column":17},"end":{"line":15,"column":18}},"loc":{"start":{"line":15,"column":28},"end":{"line":17,"column":1}},"line":15},"3":{"name":"(anonymous_3)","decl":{"start":{"line":16,"column":13},"end":{"line":16,"column":14}},"loc":{"start":{"line":16,"column":23},"end":{"line":16,"column":40}},"line":16},"4":{"name":"(anonymous_4)","decl":{"start":{"line":19,"column":17},"end":{"line":19,"column":18}},"loc":{"start":{"line":19,"column":28},"end":{"line":25,"column":1}},"line":19}},"branchMap":{"0":{"loc":{"start":{"line":7,"column":2},"end":{"line":11,"column":3}},"type":"if","locations":[{"start":{"line":7,"column":2},"end":{"line":11,"column":3}},{"start":{"line":9,"column":9},"end":{"line":11,"column":3}}],"line":7}},"s":{"0":2,"1":13,"2":2,"3":3,"4":3,"5":0,"6":3,"7":2,"8":10,"9":4,"10":2,"11":10,"12":10,"13":10,"14":13,"15":10},"f":{"0":13,"1":3,"2":10,"3":4,"4":10},"b":{"0":[3,0]},"_coverageSchema":"1a1c01bbd47fc00a2c39e90264f33305004495a9","hash":"21db040d5f8da7f1845857c57851d7057655bf06"}
}
