TN:
SF:mocks\fileMock.js
FNF:0
FNH:0
LF:0
LH:0
BRF:0
BRH:0
end_of_record
TN:
SF:src\module\crete-todo.js
FN:2,(anonymous_0)
FNF:1
FNH:1
FNDA:8,(anonymous_0)
DA:3,8
DA:4,8
DA:5,8
LF:3
LH:3
BRF:0
BRH:0
end_of_record
TN:
SF:src\module\interact.js
FN:7,(anonymous_0)
FN:12,(anonymous_1)
FN:29,(anonymous_2)
FN:38,(anonymous_3)
FN:44,(anonymous_4)
FN:50,(anonymous_5)
FN:51,(anonymous_6)
FN:58,(anonymous_7)
FN:65,(anonymous_8)
FN:72,(anonymous_9)
FN:73,(anonymous_10)
FN:83,(anonymous_11)
FN:89,(anonymous_12)
FN:90,(anonymous_13)
FN:96,(anonymous_14)
FN:113,(anonymous_15)
FN:116,(anonymous_16)
FNF:17
FNH:8
FNDA:4,(anonymous_0)
FNDA:0,(anonymous_1)
FNDA:8,(anonymous_2)
FNDA:0,(anonymous_3)
FNDA:0,(anonymous_4)
FNDA:2,(anonymous_5)
FNDA:2,(anonymous_6)
FNDA:0,(anonymous_7)
FNDA:0,(anonymous_8)
FNDA:1,(anonymous_9)
FNDA:2,(anonymous_10)
FNDA:0,(anonymous_11)
FNDA:0,(anonymous_12)
FNDA:0,(anonymous_13)
FNDA:0,(anonymous_14)
FNDA:14,(anonymous_15)
FNDA:21,(anonymous_16)
DA:8,4
DA:9,4
DA:12,4
DA:13,0
DA:14,0
DA:15,0
DA:16,0
DA:17,0
DA:18,0
DA:19,0
DA:20,0
DA:21,0
DA:22,0
DA:23,0
DA:24,0
DA:25,0
DA:26,0
DA:29,4
DA:30,8
DA:31,8
DA:32,8
DA:33,8
DA:34,8
DA:35,8
DA:38,4
DA:39,0
DA:40,0
DA:41,0
DA:44,4
DA:45,0
DA:46,0
DA:47,0
DA:50,4
DA:51,2
DA:52,2
DA:53,2
DA:54,2
DA:55,2
DA:58,4
DA:59,0
DA:60,0
DA:61,0
DA:62,0
DA:65,4
DA:66,0
DA:67,0
DA:68,0
DA:69,0
DA:72,4
DA:73,1
DA:74,2
DA:75,1
DA:76,1
DA:78,2
DA:80,1
DA:83,4
DA:84,0
DA:85,0
DA:86,0
DA:89,4
DA:90,0
DA:91,0
DA:92,0
DA:93,0
DA:96,4
DA:97,0
DA:98,0
DA:99,0
DA:100,0
DA:101,0
DA:102,0
DA:103,0
DA:104,0
DA:105,0
DA:106,0
DA:107,0
DA:108,0
DA:109,0
DA:110,0
DA:113,4
DA:114,14
DA:115,14
DA:116,14
DA:117,21
DA:118,21
DA:119,21
DA:120,21
DA:121,21
DA:122,21
DA:123,21
DA:124,21
DA:125,0
DA:127,21
DA:128,21
DA:129,21
DA:130,21
DA:131,21
DA:132,0
DA:134,21
DA:135,21
DA:136,21
DA:137,21
DA:138,21
DA:139,21
DA:140,21
DA:141,21
DA:142,21
DA:143,21
DA:144,21
LF:109
LH:58
BRDA:7,0,0,0
BRDA:74,1,0,1
BRDA:74,1,1,1
BRDA:124,2,0,0
BRDA:124,2,1,21
BRDA:131,3,0,0
BRDA:131,3,1,21
BRF:7
BRH:4
end_of_record
TN:
SF:src\module\remove.js
FN:3,removeTask
FN:5,(anonymous_1)
FNF:2
FNH:2
FNDA:2,removeTask
FNDA:3,(anonymous_1)
DA:4,2
DA:5,3
DA:6,2
DA:7,2
DA:8,2
LF:5
LH:5
BRF:0
BRH:0
end_of_record
TN:
SF:src\module\storage.js
FN:1,(anonymous_0)
FN:5,(anonymous_1)
FN:15,(anonymous_2)
FN:16,(anonymous_3)
FN:19,(anonymous_4)
FNF:5
FNH:5
FNDA:13,(anonymous_0)
FNDA:3,(anonymous_1)
FNDA:10,(anonymous_2)
FNDA:4,(anonymous_3)
FNDA:10,(anonymous_4)
DA:1,2
DA:2,13
DA:5,2
DA:7,3
DA:8,3
DA:10,0
DA:12,3
DA:15,2
DA:16,10
DA:19,2
DA:20,10
DA:21,10
DA:22,13
DA:24,10
LF:14
LH:13
BRDA:7,0,0,3
BRDA:7,0,1,0
BRF:2
BRH:1
end_of_record
